<?xml version="1.0" encoding="UTF-8" ?>
<testsuite tests="62" failures="1" name="TestSuite" time="15.181" errors="0" skipped="44">
  <properties>
    <property name="java.runtime.name" value="Java(TM) SE Runtime Environment"/>
    <property name="sun.boot.library.path" value="C:\Program Files\Java\jdk1.8.0_181\jre\bin"/>
    <property name="java.vm.version" value="25.181-b13"/>
    <property name="java.vm.vendor" value="Oracle Corporation"/>
    <property name="maven.multiModuleProjectDirectory" value="C:\Users\andrei.ghircoias\eclipse-workspace\FirstAutomated"/>
    <property name="java.vendor.url" value="http://java.oracle.com/"/>
    <property name="path.separator" value=";"/>
    <property name="guice.disable.misplaced.annotation.check" value="true"/>
    <property name="java.vm.name" value="Java HotSpot(TM) 64-Bit Server VM"/>
    <property name="file.encoding.pkg" value="sun.io"/>
    <property name="user.script" value=""/>
    <property name="user.country" value="US"/>
    <property name="sun.java.launcher" value="SUN_STANDARD"/>
    <property name="sun.os.patch.level" value=""/>
    <property name="java.vm.specification.name" value="Java Virtual Machine Specification"/>
    <property name="user.dir" value="C:\Users\andrei.ghircoias\eclipse-workspace\FirstAutomated"/>
    <property name="java.runtime.version" value="1.8.0_181-b13"/>
    <property name="java.awt.graphicsenv" value="sun.awt.Win32GraphicsEnvironment"/>
    <property name="java.endorsed.dirs" value="C:\Program Files\Java\jdk1.8.0_181\jre\lib\endorsed"/>
    <property name="os.arch" value="amd64"/>
    <property name="java.io.tmpdir" value="C:\Users\ANDREI~1.GHI\AppData\Local\Temp\"/>
    <property name="line.separator" value="
"/>
    <property name="java.vm.specification.vendor" value="Oracle Corporation"/>
    <property name="user.variant" value=""/>
    <property name="os.name" value="Windows 10"/>
    <property name="classworlds.conf" value="C:\Users\andrei.ghircoias\eclipse-workspace\.metadata\.plugins\org.eclipse.m2e.launching\launches\m2conf4725221427653628450.tmp"/>
    <property name="sun.jnu.encoding" value="Cp1252"/>
    <property name="java.library.path" value="C:\Program Files\Java\jdk1.8.0_181\bin;C:\Windows\Sun\Java\bin;C:\Windows\system32;C:\Windows;C:/Program Files/Java/jre1.8.0_171/bin/server;C:/Program Files/Java/jre1.8.0_171/bin;C:/Program Files/Java/jre1.8.0_171/lib/amd64;C:\Program Files (x86)\Common Files\Oracle\Java\javapath;F:\apache-maven-3.5.4\bin;C:\Windows\system32;C:\Windows;C:\Windows\System32\Wbem;C:\Windows\System32\WindowsPowerShell\v1.0\;C:\Windows\System32\OpenSSH\;C:\Program Files\PuTTY\;C:\Program Files\Java\jdk1.8.0_181\bin;F:\apache-maven-3.5.4\bin;;C:\Users\andrei.ghircoias\Desktop;;."/>
    <property name="java.specification.name" value="Java Platform API Specification"/>
    <property name="java.class.version" value="52.0"/>
    <property name="sun.management.compiler" value="HotSpot 64-Bit Tiered Compilers"/>
    <property name="os.version" value="10.0"/>
    <property name="user.home" value="C:\Users\andrei.ghircoias"/>
    <property name="user.timezone" value="Europe/Athens"/>
    <property name="java.awt.printerjob" value="sun.awt.windows.WPrinterJob"/>
    <property name="java.specification.version" value="1.8"/>
    <property name="file.encoding" value="Cp1252"/>
    <property name="user.name" value="andrei.ghircoias"/>
    <property name="java.class.path" value="C:\Users\andrei.ghircoias\.p2\pool\plugins\org.eclipse.m2e.maven.runtime_1.9.0.20180606-2035\jars\plexus-classworlds-2.5.2.jar"/>
    <property name="java.vm.specification.version" value="1.8"/>
    <property name="sun.arch.data.model" value="64"/>
    <property name="java.home" value="C:\Program Files\Java\jdk1.8.0_181\jre"/>
    <property name="sun.java.command" value="org.codehaus.plexus.classworlds.launcher.Launcher -B install"/>
    <property name="java.specification.vendor" value="Oracle Corporation"/>
    <property name="user.language" value="en"/>
    <property name="awt.toolkit" value="sun.awt.windows.WToolkit"/>
    <property name="java.vm.info" value="mixed mode"/>
    <property name="java.version" value="1.8.0_181"/>
    <property name="java.ext.dirs" value="C:\Program Files\Java\jdk1.8.0_181\jre\lib\ext;C:\Windows\Sun\Java\lib\ext"/>
    <property name="sun.boot.class.path" value="C:\Program Files\Java\jdk1.8.0_181\jre\lib\resources.jar;C:\Program Files\Java\jdk1.8.0_181\jre\lib\rt.jar;C:\Program Files\Java\jdk1.8.0_181\jre\lib\sunrsasign.jar;C:\Program Files\Java\jdk1.8.0_181\jre\lib\jsse.jar;C:\Program Files\Java\jdk1.8.0_181\jre\lib\jce.jar;C:\Program Files\Java\jdk1.8.0_181\jre\lib\charsets.jar;C:\Program Files\Java\jdk1.8.0_181\jre\lib\jfr.jar;C:\Program Files\Java\jdk1.8.0_181\jre\classes"/>
    <property name="java.vendor" value="Oracle Corporation"/>
    <property name="maven.home" value="C:\Users\andrei.ghircoias\eclipse-workspace\FirstAutomated\EMBEDDED"/>
    <property name="file.separator" value="\"/>
    <property name="java.vendor.url.bug" value="http://bugreport.sun.com/bugreport/"/>
    <property name="sun.cpu.endian" value="little"/>
    <property name="sun.io.unicode.encoding" value="UnicodeLittle"/>
    <property name="sun.desktop" value="windows"/>
    <property name="sun.cpu.isalist" value="amd64"/>
  </properties>
  <testcase classname="api.ApiTest" name="check" time="1.622"/>
  <testcase classname="api.ApiTest" name="create" time="0.737"/>
  <testcase classname="api.ApiTest" name="getAllUsers" time="5.918"/>
  <testcase classname="api.ApiTest" name="getUsersRESTAssure" time="0.53"/>
  <testcase classname="api.ApiTest" name="getUsersTestNG" time="0.515"/>
  <testcase classname="api.ApiTest" name="json" time="0.362"/>
  <testcase classname="api.ApiTest" name="notFound" time="0.364"/>
  <testcase classname="api.ApiTest" name="reutrnUsers" time="0.337"/>
  <testcase classname="api.ApiTest" name="statusCodeWhenAdd" time="0.319"/>
  <testcase classname="test.automation.ChartTest" name="initialiseDriver" time="0.322">
    <failure type="java.lang.NullPointerException">java.lang.NullPointerException
	at pages.TestPage.initializeDriver2(TestPage.java:86)
	at test.TestBase.initialiseDriver(TestBase.java:30)
	at sun.reflect.NativeMethodAccessorImpl.invoke0(Native Method)
	at sun.reflect.NativeMethodAccessorImpl.invoke(NativeMethodAccessorImpl.java:62)
	at sun.reflect.DelegatingMethodAccessorImpl.invoke(DelegatingMethodAccessorImpl.java:43)
	at java.lang.reflect.Method.invoke(Method.java:498)
	at org.testng.internal.MethodInvocationHelper.invokeMethod(MethodInvocationHelper.java:80)
	at org.testng.internal.Invoker.invokeConfigurationMethod(Invoker.java:564)
	at org.testng.internal.Invoker.invokeConfigurations(Invoker.java:213)
	at org.testng.internal.Invoker.invokeConfigurations(Invoker.java:138)
	at org.testng.internal.TestMethodWorker.invokeBeforeClassMethods(TestMethodWorker.java:175)
	at org.testng.internal.TestMethodWorker.run(TestMethodWorker.java:107)
	at org.testng.TestRunner.privateRun(TestRunner.java:767)
	at org.testng.TestRunner.run(TestRunner.java:617)
	at org.testng.SuiteRunner.runTest(SuiteRunner.java:334)
	at org.testng.SuiteRunner.runSequentially(SuiteRunner.java:329)
	at org.testng.SuiteRunner.privateRun(SuiteRunner.java:291)
	at org.testng.SuiteRunner.run(SuiteRunner.java:240)
	at org.testng.SuiteRunnerWorker.runSuite(SuiteRunnerWorker.java:52)
	at org.testng.SuiteRunnerWorker.run(SuiteRunnerWorker.java:86)
	at org.testng.TestNG.runSuitesSequentially(TestNG.java:1198)
	at org.testng.TestNG.runSuitesLocally(TestNG.java:1123)
	at org.testng.TestNG.run(TestNG.java:1031)
	at org.apache.maven.surefire.testng.TestNGExecutor.run(TestNGExecutor.java:77)
	at org.apache.maven.surefire.testng.TestNGDirectoryTestSuite.executeMulti(TestNGDirectoryTestSuite.java:159)
	at org.apache.maven.surefire.testng.TestNGDirectoryTestSuite.execute(TestNGDirectoryTestSuite.java:99)
	at org.apache.maven.surefire.testng.TestNGProvider.invoke(TestNGProvider.java:106)
	at sun.reflect.NativeMethodAccessorImpl.invoke0(Native Method)
	at sun.reflect.NativeMethodAccessorImpl.invoke(NativeMethodAccessorImpl.java:62)
	at sun.reflect.DelegatingMethodAccessorImpl.invoke(DelegatingMethodAccessorImpl.java:43)
	at java.lang.reflect.Method.invoke(Method.java:498)
	at org.apache.maven.surefire.util.ReflectionUtils.invokeMethodWithArray(ReflectionUtils.java:189)
	at org.apache.maven.surefire.booter.ProviderFactory$ProviderProxy.invoke(ProviderFactory.java:165)
	at org.apache.maven.surefire.booter.ProviderFactory.invokeProvider(ProviderFactory.java:85)
	at org.apache.maven.surefire.booter.ForkedBooter.runSuitesInProcess(ForkedBooter.java:115)
	at org.apache.maven.surefire.booter.ForkedBooter.main(ForkedBooter.java:75)
</failure>
  </testcase>
  <testcase classname="test.automation.ChartTest" name="navigateToWantedPege" time="0.322">
    <skipped/>
  </testcase>
  <testcase classname="test.automation.ChartTest" name="addToChart" time="0">
    <skipped/>
  </testcase>
  <testcase classname="test.automation.ChartTest" name="checkAddMoreOfTheSameProductToChart" time="0">
    <skipped/>
  </testcase>
  <testcase classname="test.automation.ChartTest" name="closeProcess" time="0">
    <skipped/>
  </testcase>
  <testcase classname="test.sv.ContactButtonTest" name="initialiseDriver" time="0">
    <skipped/>
  </testcase>
  <testcase classname="test.sv.ContactButtonTest" name="navigate" time="0">
    <skipped/>
  </testcase>
  <testcase classname="test.sv.ContactButtonTest" name="clickingOnContactButton" time="0">
    <skipped/>
  </testcase>
  <testcase classname="test.sv.ContactButtonTest" name="closeProcess" time="0">
    <skipped/>
  </testcase>
  <testcase classname="test.automation.ContactSignInButtonTest" name="initialiseDriver" time="0">
    <skipped/>
  </testcase>
  <testcase classname="test.automation.ContactSignInButtonTest" name="navigateToWantedLink" time="0">
    <skipped/>
  </testcase>
  <testcase classname="test.automation.ContactSignInButtonTest" name="navigateToContactLink" time="0">
    <skipped/>
  </testcase>
  <testcase classname="test.automation.ContactSignInButtonTest" name="navigateToSingInLink" time="0">
    <skipped/>
  </testcase>
  <testcase classname="test.automation.ContactSignInButtonTest" name="closeProcess" time="0">
    <skipped/>
  </testcase>
  <testcase classname="test.automation.CreateAccountErrorTest" name="initialiseDriver" time="0">
    <skipped/>
  </testcase>
  <testcase classname="test.automation.CreateAccountErrorTest" name="navigateToWantedLink" time="0">
    <skipped/>
  </testcase>
  <testcase classname="test.automation.CreateAccountErrorTest" name="errorTest" time="0">
    <skipped/>
  </testcase>
  <testcase classname="test.automation.CreateAccountErrorTest" name="closeProcess" time="0">
    <skipped/>
  </testcase>
  <testcase classname="test.sv.FooterTest" name="initialiseDriver" time="0">
    <skipped/>
  </testcase>
  <testcase classname="test.sv.FooterTest" name="navigate" time="0">
    <skipped/>
  </testcase>
  <testcase classname="test.sv.FooterTest" name="footerDisplayed" time="0">
    <skipped/>
  </testcase>
  <testcase classname="test.sv.FooterTest" name="closeProcess" time="0">
    <skipped/>
  </testcase>
  <testcase classname="test.sv.HamburgerButtonTest" name="initialiseDriver" time="0">
    <skipped/>
  </testcase>
  <testcase classname="test.sv.HamburgerButtonTest" name="navigate" time="0">
    <skipped/>
  </testcase>
  <testcase classname="test.sv.HamburgerButtonTest" name="clickingOnHamburgerButton" time="0">
    <skipped/>
  </testcase>
  <testcase classname="test.sv.HamburgerButtonTest" name="closeProcess" time="0">
    <skipped/>
  </testcase>
  <testcase classname="test.sv.HomeScreenTest" name="initialiseDriver" time="0.001">
    <skipped/>
  </testcase>
  <testcase classname="test.sv.HomeScreenTest" name="navigate" time="0.001">
    <skipped/>
  </testcase>
  <testcase classname="test.sv.HomeScreenTest" name="openPage" time="0">
    <skipped/>
  </testcase>
  <testcase classname="test.sv.HomeScreenTest" name="closeProcess" time="0">
    <skipped/>
  </testcase>
  <testcase classname="test.automation.SearchTest" name="initialiseDriver" time="0">
    <skipped/>
  </testcase>
  <testcase classname="test.automation.SearchTest" name="navigate" time="0">
    <skipped/>
  </testcase>
  <testcase classname="test.automation.SearchTest" name="invalidData" time="0">
    <skipped/>
  </testcase>
  <testcase classname="test.automation.SearchTest" name="navigate" time="0">
    <skipped/>
  </testcase>
  <testcase classname="test.automation.SearchTest" name="searchProcess" time="0">
    <skipped/>
  </testcase>
  <testcase classname="test.automation.SearchTest" name="closeProcess" time="0">
    <skipped/>
  </testcase>
  <testcase classname="test.sv.SearchTest" name="initialiseDriver" time="0">
    <skipped/>
  </testcase>
  <testcase classname="test.sv.SearchTest" name="navigate" time="0.001">
    <skipped/>
  </testcase>
  <testcase classname="test.sv.SearchTest" name="searchDisplay" time="0">
    <skipped/>
  </testcase>
  <testcase classname="test.sv.SearchTest" name="closeProcess" time="0">
    <skipped/>
  </testcase>
  <testcase classname="test.automation.SignInTest" name="initialiseDriver" time="0">
    <skipped/>
  </testcase>
  <testcase classname="test.automation.SignInTest" name="navigate" time="0">
    <skipped/>
  </testcase>
  <testcase classname="test.automation.SignInTest" name="signIn" time="0">
    <skipped/>
  </testcase>
  <testcase classname="test.automation.SignInTest" name="signOut" time="0">
    <skipped/>
  </testcase>
  <testcase classname="test.automation.SignInTest" name="closeProcess" time="0">
    <skipped/>
  </testcase>
  <testcase classname="api.SrcAuthetificationTest" name="authentification" time="0.931"/>
  <testcase classname="api.SrcAuthetificationTest" name="noAuthetificationTest" time="0.527"/>
  <testcase classname="api.UserTest" name="runTests" time="0.506"/>
  <testcase classname="api.UserTest" name="runTests" time="0.348"/>
  <testcase classname="api.UserTest" name="runTests" time="0.322"/>
  <testcase classname="api.UserTest" name="runTests" time="0.496"/>
  <testcase classname="api.UserTest" name="runTests" time="0.328"/>
  <testcase classname="api.UserTest" name="runTests" time="0.372"/>
</testsuite>