<?xml version="1.0" encoding="UTF-8"?>
<!-- Generated by org.testng.reporters.JUnitReportReporter -->
<testsuite hostname="SVRODK00078" name="ro.sv.selenium.FirstAutomated.ContactSignInButtonTest" tests="2" failures="0" timestamp="19 Jul 2018 14:27:56 GMT" time="2.510" errors="0">
  <testcase name="navigateToContactLink" time="1.004" classname="ro.sv.selenium.FirstAutomated.ContactSignInButtonTest"/>
  <testcase name="navigateToSingInLink" time="1.506" classname="ro.sv.selenium.FirstAutomated.ContactSignInButtonTest"/>
</testsuite> <!-- ro.sv.selenium.FirstAutomated.ContactSignInButtonTest -->
