<?xml version="1.0" encoding="UTF-8"?>
<!-- Generated by org.testng.reporters.JUnitReportReporter -->
<testsuite skipped="0" hostname="SVRODK00078" name="test.automation.ChartTest" tests="2" failures="0" timestamp="27 Jul 2018 13:50:37 GMT" time="8.489" errors="0">
  <testcase name="addToChart" time="4.351" classname="test.automation.ChartTest"/>
  <testcase name="checkAddMoreOfTheSameProductToChart" time="4.138" classname="test.automation.ChartTest"/>
</testsuite> <!-- test.automation.ChartTest -->
