<?xml version="1.0" encoding="UTF-8"?>
<!-- Generated by org.testng.reporters.JUnitReportReporter -->
<testsuite hostname="SVRODK00078" name="Test.SignInTest" tests="1" failures="0" timestamp="24 Jul 2018 11:20:25 GMT" time="1.707" errors="0">
  <testcase name="signInFromFile" time="1.707" classname="Test.SignInTest"/>
</testsuite> <!-- Test.SignInTest -->
