<?xml version="1.0" encoding="UTF-8"?>
<!-- Generated by org.testng.reporters.JUnitReportReporter -->
<testsuite skipped="0" hostname="SVRODK00078" name="test.sv.SearchTest" tests="1" failures="0" timestamp="30 Jul 2018 06:07:45 GMT" time="2.154" errors="0">
  <testcase name="searchDisplay" time="2.154" classname="test.sv.SearchTest"/>
</testsuite> <!-- test.sv.SearchTest -->
