<?xml version="1.0" encoding="UTF-8"?>
<!-- Generated by org.testng.reporters.JUnitReportReporter -->
<testsuite skipped="0" hostname="SVRODK00078" name="test.sv.ContactButtonTest" tests="1" failures="0" timestamp="30 Jul 2018 06:07:45 GMT" time="5.539" errors="0">
  <testcase name="clickingOnContactButton" time="5.539" classname="test.sv.ContactButtonTest"/>
</testsuite> <!-- test.sv.ContactButtonTest -->
