<?xml version="1.0" encoding="UTF-8"?>
<!-- Generated by org.testng.reporters.JUnitReportReporter -->
<testsuite hostname="SVRODK00078" name="Test.ContactSignInButtonTest" tests="2" failures="0" timestamp="24 Jul 2018 11:20:25 GMT" time="2.657" errors="0">
  <testcase name="navigateToContactLink" time="1.012" classname="Test.ContactSignInButtonTest"/>
  <testcase name="navigateToSingInLink" time="1.645" classname="Test.ContactSignInButtonTest"/>
</testsuite> <!-- Test.ContactSignInButtonTest -->
