<?xml version="1.0" encoding="UTF-8"?>
<!-- Generated by org.testng.reporters.JUnitReportReporter -->
<testsuite hostname="SVRODK00078" name="ro.sv.selenium.FirstAutomated.TestSesion4" tests="2" failures="0" timestamp="19 Jul 2018 11:33:42 GMT" time="2.110" errors="0">
  <testcase name="test2" time="1.010" classname="ro.sv.selenium.FirstAutomated.TestSesion4"/>
  <testcase name="test3" time="1.100" classname="ro.sv.selenium.FirstAutomated.TestSesion4"/>
</testsuite> <!-- ro.sv.selenium.FirstAutomated.TestSesion4 -->
