<?xml version="1.0" encoding="UTF-8"?>
<!-- Generated by org.testng.reporters.JUnitReportReporter -->
<testsuite skipped="0" hostname="SVRODK00078" name="test.automation.ContactSignInButtonTest" tests="2" failures="0" timestamp="27 Jul 2018 13:50:37 GMT" time="2.157" errors="0">
  <testcase name="navigateToContactLink" time="1.034" classname="test.automation.ContactSignInButtonTest"/>
  <testcase name="navigateToSingInLink" time="1.123" classname="test.automation.ContactSignInButtonTest"/>
</testsuite> <!-- test.automation.ContactSignInButtonTest -->
