<?xml version="1.0" encoding="UTF-8"?>
<!-- Generated by org.testng.reporters.JUnitReportReporter -->
<testsuite skipped="0" hostname="SVRODK00078" name="test.automation.SearchTest" tests="2" failures="0" timestamp="27 Jul 2018 13:50:37 GMT" time="8.615" errors="0">
  <testcase name="searchProcess" time="6.388" classname="test.automation.SearchTest"/>
  <testcase name="invalidData" time="2.227" classname="test.automation.SearchTest"/>
</testsuite> <!-- test.automation.SearchTest -->
