<?xml version="1.0" encoding="UTF-8"?>
<!-- Generated by org.testng.reporters.JUnitReportReporter -->
<testsuite hostname="SVRODK00078" name="ro.sv.selenium.FirstAutomated.Form" tests="1" failures="0" timestamp="19 Jul 2018 09:03:58 GMT" time="0.128" errors="0">
  <testcase name="error" time="0.128" classname="ro.sv.selenium.FirstAutomated.Form"/>
</testsuite> <!-- ro.sv.selenium.FirstAutomated.Form -->
