<?xml version="1.0" encoding="UTF-8"?>
<!-- Generated by org.testng.reporters.JUnitReportReporter -->
<testsuite skipped="0" hostname="SVRODK00078" name="api.SrcAuthetificationTest" tests="2" failures="0" timestamp="27 Jul 2018 11:19:08 GMT" time="1.334" errors="0">
  <testcase name="authentification" time="0.885" classname="api.SrcAuthetificationTest"/>
  <testcase name="noAuthetificationTest" time="0.449" classname="api.SrcAuthetificationTest"/>
</testsuite> <!-- api.SrcAuthetificationTest -->
