<?xml version="1.0" encoding="UTF-8"?>
<!-- Generated by org.testng.reporters.JUnitReportReporter -->
<testsuite skipped="0" hostname="SVRODK00078" name="api.UserTest" tests="6" failures="0" timestamp="27 Jul 2018 11:19:08 GMT" time="4.163" errors="0">
  <testcase name="runTests" time="0.533" classname="api.UserTest"/>
  <testcase name="runTests" time="0.519" classname="api.UserTest"/>
  <testcase name="runTests" time="1.878" classname="api.UserTest"/>
  <testcase name="runTests" time="0.510" classname="api.UserTest"/>
  <testcase name="runTests" time="0.365" classname="api.UserTest"/>
  <testcase name="runTests" time="0.358" classname="api.UserTest"/>
</testsuite> <!-- api.UserTest -->
