<?xml version="1.0" encoding="UTF-8"?>
<!-- Generated by org.testng.reporters.JUnitReportReporter -->
<testsuite hostname="SVRODK00078" name="ro.sv.selenium.FirstAutomated.ErrorTest" tests="1" failures="0" timestamp="19 Jul 2018 14:27:56 GMT" time="0.120" errors="0">
  <testcase name="errorTest" time="0.120" classname="ro.sv.selenium.FirstAutomated.ErrorTest"/>
</testsuite> <!-- ro.sv.selenium.FirstAutomated.ErrorTest -->
