<?xml version="1.0" encoding="UTF-8"?>
<!-- Generated by org.testng.reporters.JUnitReportReporter -->
<testsuite hostname="SVRODK00078" name="Test.ChartTest" tests="2" failures="0" timestamp="24 Jul 2018 11:20:25 GMT" time="9.081" errors="0">
  <testcase name="addToChart" time="4.959" classname="Test.ChartTest"/>
  <testcase name="checkAddMoreOfTheSameProductToChart" time="4.122" classname="Test.ChartTest"/>
</testsuite> <!-- Test.ChartTest -->
