<?xml version="1.0" encoding="UTF-8"?>
<!-- Generated by org.testng.reporters.JUnitReportReporter -->
<testsuite hostname="SVRODK00078" name="ro.sv.selenium.FirstAutomated.TestSesion4B" tests="1" failures="0" timestamp="19 Jul 2018 10:50:40 GMT" time="1.891" errors="0">
  <testcase name="test4" time="1.891" classname="ro.sv.selenium.FirstAutomated.TestSesion4B"/>
</testsuite> <!-- ro.sv.selenium.FirstAutomated.TestSesion4B -->
