<?xml version="1.0" encoding="UTF-8"?>
<!-- Generated by org.testng.reporters.JUnitReportReporter -->
<testsuite skipped="0" hostname="SVRODK00078" name="test.sv.HomeScreenTest" tests="1" failures="0" timestamp="30 Jul 2018 06:09:25 GMT" time="0.016" errors="0">
  <testcase name="openPage" time="0.016" classname="test.sv.HomeScreenTest"/>
</testsuite> <!-- test.sv.HomeScreenTest -->
