<?xml version="1.0" encoding="UTF-8"?>
<!-- Generated by org.testng.reporters.JUnitReportReporter -->
<testsuite hostname="SVRODK00078" name="Test.ErrorTest" tests="1" failures="0" timestamp="24 Jul 2018 11:20:25 GMT" time="0.130" errors="0">
  <testcase name="errorTest" time="0.130" classname="Test.ErrorTest"/>
</testsuite> <!-- Test.ErrorTest -->
