<?xml version="1.0" encoding="UTF-8"?>
<!-- Generated by org.testng.reporters.JUnitReportReporter -->
<testsuite skipped="0" hostname="SVRODK00078" name="test.sv.HamburgerButtonTest" tests="1" failures="0" timestamp="30 Jul 2018 06:07:45 GMT" time="0.609" errors="0">
  <testcase name="clickingOnHamburgerButton" time="0.609" classname="test.sv.HamburgerButtonTest"/>
</testsuite> <!-- test.sv.HamburgerButtonTest -->
