<?xml version="1.0" encoding="UTF-8"?>
<!-- Generated by org.testng.reporters.JUnitReportReporter -->
<testsuite hostname="SVRODK00078" name="ro.sv.selenium.FirstAutomated.SearchTest" tests="1" failures="0" timestamp="19 Jul 2018 14:31:58 GMT" time="1.496" errors="0">
  <testcase name="typeSomethingInTheSearchBar" time="1.496" classname="ro.sv.selenium.FirstAutomated.SearchTest"/>
</testsuite> <!-- ro.sv.selenium.FirstAutomated.SearchTest -->
