<?xml version="1.0" encoding="UTF-8"?>
<!-- Generated by org.testng.reporters.JUnitReportReporter -->
<testsuite hostname="SVRODK00078" name="ro.sv.selenium.FirstAutomated.SignInTest" tests="1" failures="0" timestamp="19 Jul 2018 14:27:56 GMT" time="1.781" errors="0">
  <testcase name="enterUserPswdAndSubmit" time="1.781" classname="ro.sv.selenium.FirstAutomated.SignInTest"/>
</testsuite> <!-- ro.sv.selenium.FirstAutomated.SignInTest -->
