<?xml version="1.0" encoding="UTF-8"?>
<!-- Generated by org.testng.reporters.JUnitReportReporter -->
<testsuite hostname="SVRODK00078" name="ro.sv.selenium.FirstAutomated.SingInTest" tests="1" failures="0" timestamp="19 Jul 2018 11:49:57 GMT" time="1.400" errors="0">
  <testcase name="enterUserPswdAndSubmit" time="1.400" classname="ro.sv.selenium.FirstAutomated.SingInTest"/>
</testsuite> <!-- ro.sv.selenium.FirstAutomated.SingInTest -->
