<?xml version="1.0" encoding="UTF-8"?>
<!-- Generated by org.testng.reporters.JUnitReportReporter -->
<testsuite hostname="SVRODK00078" name="ro.sv.selenium.FirstAutomated.ChartTest" tests="2" failures="0" timestamp="19 Jul 2018 14:33:03 GMT" time="8.364" errors="0">
  <testcase name="addToChart" time="4.251" classname="ro.sv.selenium.FirstAutomated.ChartTest"/>
  <testcase name="checkAddMoreOfTheSameProductToChart" time="4.113" classname="ro.sv.selenium.FirstAutomated.ChartTest"/>
</testsuite> <!-- ro.sv.selenium.FirstAutomated.ChartTest -->
