<?xml version="1.0" encoding="UTF-8"?>
<!-- Generated by org.testng.reporters.JUnitReportReporter -->
<testsuite skipped="0" hostname="SVRODK00078" name="test.automation.SignInTest" tests="2" failures="0" timestamp="27 Jul 2018 13:50:37 GMT" time="2.863" errors="0">
  <testcase name="signOut" time="1.319" classname="test.automation.SignInTest"/>
  <testcase name="signIn" time="1.544" classname="test.automation.SignInTest"/>
</testsuite> <!-- test.automation.SignInTest -->
