<?xml version="1.0" encoding="UTF-8"?>
<!-- Generated by org.testng.reporters.JUnitReportReporter -->
<testsuite hostname="SVRODK00078" name="test.automation.ErrorTest" tests="1" failures="0" timestamp="24 Jul 2018 12:57:02 GMT" time="0.134" errors="0">
  <testcase name="errorTest" time="0.134" classname="test.automation.ErrorTest"/>
</testsuite> <!-- test.automation.ErrorTest -->
