<?xml version="1.0" encoding="UTF-8"?>
<!-- Generated by org.testng.reporters.JUnitReportReporter -->
<testsuite skipped="0" hostname="SVRODK00078" name="api.ApiTest" tests="9" failures="0" timestamp="27 Jul 2018 11:19:08 GMT" time="8.775" errors="0">
  <testcase name="create" time="0.512" classname="api.ApiTest"/>
  <testcase name="getUsersRESTAssure" time="1.047" classname="api.ApiTest"/>
  <testcase name="getUsersTestNG" time="0.497" classname="api.ApiTest"/>
  <testcase name="check" time="0.369" classname="api.ApiTest"/>
  <testcase name="getAllUsers" time="4.966" classname="api.ApiTest"/>
  <testcase name="json" time="0.334" classname="api.ApiTest"/>
  <testcase name="reutrnUsers" time="0.331" classname="api.ApiTest"/>
  <testcase name="notFound" time="0.358" classname="api.ApiTest"/>
  <testcase name="statusCodeWhenAdd" time="0.361" classname="api.ApiTest"/>
</testsuite> <!-- api.ApiTest -->
