<?xml version="1.0" encoding="UTF-8"?>
<!-- Generated by org.testng.reporters.JUnitReportReporter -->
<testsuite skipped="0" hostname="SVRODK00078" name="test.sv.FooterTest" tests="1" failures="0" timestamp="30 Jul 2018 06:07:45 GMT" time="0.184" errors="0">
  <testcase name="footerDisplayed" time="0.184" classname="test.sv.FooterTest"/>
</testsuite> <!-- test.sv.FooterTest -->
