<?xml version="1.0" encoding="UTF-8"?>
<!-- Generated by org.testng.reporters.JUnitReportReporter -->
<testsuite skipped="0" hostname="SVRODK00078" name="test.automation.SignInFromFile" tests="1" failures="0" timestamp="27 Jul 2018 13:50:37 GMT" time="1.776" errors="0">
  <testcase name="signInFromFile" time="1.776" classname="test.automation.SignInFromFile"/>
</testsuite> <!-- test.automation.SignInFromFile -->
