<?xml version="1.0" encoding="UTF-8"?>
<!-- Generated by org.testng.reporters.JUnitReportReporter -->
<testsuite hostname="SVRODK00078" name="api.UserTest" tests="6" failures="0" timestamp="27 Jul 2018 13:35:04 GMT" time="2.363" errors="0">
  <testcase name="runTests" time="0.323" classname="api.UserTest"/>
  <testcase name="runTests" time="0.362" classname="api.UserTest"/>
  <testcase name="runTests" time="0.347" classname="api.UserTest"/>
  <testcase name="runTests" time="0.328" classname="api.UserTest"/>
  <testcase name="runTests" time="0.496" classname="api.UserTest"/>
  <testcase name="runTests" time="0.507" classname="api.UserTest"/>
</testsuite> <!-- api.UserTest -->
