<?xml version="1.0" encoding="UTF-8"?>
<!-- Generated by org.testng.reporters.JUnitReportReporter -->
<testsuite hostname="SVRODK00078" name="api.SrcAuthetificationTest" tests="2" failures="0" timestamp="27 Jul 2018 13:35:04 GMT" time="1.456" errors="0">
  <testcase name="noAuthetificationTest" time="0.529" classname="api.SrcAuthetificationTest"/>
  <testcase name="authentification" time="0.927" classname="api.SrcAuthetificationTest"/>
</testsuite> <!-- api.SrcAuthetificationTest -->
