<?xml version="1.0" encoding="UTF-8"?>
<!-- Generated by org.testng.reporters.JUnitReportReporter -->
<testsuite hostname="SVRODK00078" name="api.ApiTest" tests="9" failures="0" timestamp="27 Jul 2018 13:35:04 GMT" time="10.705" errors="0">
  <testcase name="getUsersRESTAssure" time="0.530" classname="api.ApiTest"/>
  <testcase name="statusCodeWhenAdd" time="0.322" classname="api.ApiTest"/>
  <testcase name="check" time="1.622" classname="api.ApiTest"/>
  <testcase name="getUsersTestNG" time="0.515" classname="api.ApiTest"/>
  <testcase name="notFound" time="0.364" classname="api.ApiTest"/>
  <testcase name="create" time="0.734" classname="api.ApiTest"/>
  <testcase name="reutrnUsers" time="0.336" classname="api.ApiTest"/>
  <testcase name="getAllUsers" time="5.921" classname="api.ApiTest"/>
  <testcase name="json" time="0.361" classname="api.ApiTest"/>
</testsuite> <!-- api.ApiTest -->
